<?xml version="1.0" encoding="UTF-8" standalone="yes"?><!DOCTYPE report PUBLIC "-//JACOCO//DTD Report 1.1//EN" "report.dtd"><report name="apiSafetyNet"><sessioninfo id="LAPTOP-AS072B65-80c9e7c7" start="1632267312724" dump="1632267371753"/><package name="com/safetynet/apiSafetyNet/service/management"><class name="com/safetynet/apiSafetyNet/service/management/FireStationManagement" sourcefilename="FireStationManagement.java"><method name="&lt;init&gt;" desc="()V" line="15"><counter type="INSTRUCTION" missed="0" covered="3"/><counter type="LINE" missed="0" covered="1"/><counter type="COMPLEXITY" missed="0" covered="1"/><counter type="METHOD" missed="0" covered="1"/></method><method name="getAddressesFromFireStationNumber" desc="(Ljava/lang/String;Ljava/util/ArrayList;)Ljava/util/ArrayList;" line="31"><counter type="INSTRUCTION" missed="0" covered="27"/><counter type="BRANCH" missed="0" covered="4"/><counter type="LINE" missed="0" covered="6"/><counter type="COMPLEXITY" missed="0" covered="3"/><counter type="METHOD" missed="0" covered="1"/></method><method name="getFireStationNumberFromAddress" desc="(Ljava/lang/String;Lcom/safetynet/apiSafetyNet/model/OutputData/AddressInfo;Ljava/util/ArrayList;)V" line="57"><counter type="INSTRUCTION" missed="0" covered="21"/><counter type="BRANCH" missed="0" covered="4"/><counter type="LINE" missed="0" covered="5"/><counter type="COMPLEXITY" missed="0" covered="3"/><counter type="METHOD" missed="0" covered="1"/></method><method name="addAddressesToListForEachStationNumber" desc="(Ljava/util/ArrayList;Ljava/util/ArrayList;)Ljava/util/ArrayList;" line="80"><counter type="INSTRUCTION" missed="0" covered="26"/><counter type="BRANCH" missed="0" covered="2"/><counter type="LINE" missed="0" covered="5"/><counter type="COMPLEXITY" missed="0" covered="2"/><counter type="METHOD" missed="0" covered="1"/></method><counter type="INSTRUCTION" missed="0" covered="77"/><counter type="BRANCH" missed="0" covered="10"/><counter type="LINE" missed="0" covered="17"/><counter type="COMPLEXITY" missed="0" covered="9"/><counter type="METHOD" missed="0" covered="4"/><counter type="CLASS" missed="0" covered="1"/></class><class name="com/safetynet/apiSafetyNet/service/management/ChildrenInfoManagement" sourcefilename="ChildrenInfoManagement.java"><method name="&lt;init&gt;" desc="()V" line="21"><counter type="INSTRUCTION" missed="0" covered="3"/><counter type="LINE" missed="0" covered="2"/><counter type="COMPLEXITY" missed="0" covered="1"/><counter type="METHOD" missed="0" covered="1"/></method><method name="&lt;init&gt;" desc="(Lcom/safetynet/apiSafetyNet/service/management/PersonManagement;)V" line="24"><counter type="INSTRUCTION" missed="0" covered="6"/><counter type="LINE" missed="0" covered="3"/><counter type="COMPLEXITY" missed="0" covered="1"/><counter type="METHOD" missed="0" covered="1"/></method><method name="calculateAgeForPersonListAndAddPersonToAdultOrChildList" desc="(Ljava/util/ArrayList;Ljava/util/ArrayList;Lcom/safetynet/apiSafetyNet/model/OutputData/ChildrenInfo;)V" line="45"><counter type="INSTRUCTION" missed="0" covered="63"/><counter type="BRANCH" missed="0" covered="4"/><counter type="LINE" missed="0" covered="7"/><counter type="COMPLEXITY" missed="0" covered="3"/><counter type="METHOD" missed="0" covered="1"/></method><counter type="INSTRUCTION" missed="0" covered="72"/><counter type="BRANCH" missed="0" covered="4"/><counter type="LINE" missed="0" covered="12"/><counter type="COMPLEXITY" missed="0" covered="5"/><counter type="METHOD" missed="0" covered="3"/><counter type="CLASS" missed="0" covered="1"/></class><class name="com/safetynet/apiSafetyNet/service/management/InhabitantManagement" sourcefilename="InhabitantManagement.java"><method name="&lt;init&gt;" desc="(Lcom/safetynet/apiSafetyNet/service/management/PersonManagement;)V" line="17"><counter type="INSTRUCTION" missed="0" covered="6"/><counter type="LINE" missed="0" covered="3"/><counter type="COMPLEXITY" missed="0" covered="1"/><counter type="METHOD" missed="0" covered="1"/></method><method name="calculateNumberOfAdultsAndChildrenInInhabitants" desc="(Lcom/safetynet/apiSafetyNet/model/OutputData/InhabitantInfo;Ljava/util/ArrayList;)V" line="36"><counter type="INSTRUCTION" missed="0" covered="57"/><counter type="BRANCH" missed="0" covered="10"/><counter type="LINE" missed="0" covered="10"/><counter type="COMPLEXITY" missed="0" covered="6"/><counter type="METHOD" missed="0" covered="1"/></method><method name="createInhabitantsWithAddressList" desc="(Lcom/safetynet/apiSafetyNet/model/OutputData/InhabitantInfo;Ljava/util/ArrayList;Ljava/util/ArrayList;)V" line="67"><counter type="INSTRUCTION" missed="0" covered="32"/><counter type="BRANCH" missed="1" covered="3"/><counter type="LINE" missed="0" covered="5"/><counter type="COMPLEXITY" missed="1" covered="2"/><counter type="METHOD" missed="0" covered="1"/></method><counter type="INSTRUCTION" missed="0" covered="95"/><counter type="BRANCH" missed="1" covered="13"/><counter type="LINE" missed="0" covered="18"/><counter type="COMPLEXITY" missed="1" covered="9"/><counter type="METHOD" missed="0" covered="3"/><counter type="CLASS" missed="0" covered="1"/></class><class name="com/safetynet/apiSafetyNet/service/management/MedicalRecordManagement" sourcefilename="MedicalRecordManagement.java"><method name="&lt;init&gt;" desc="()V" line="12"><counter type="INSTRUCTION" missed="0" covered="3"/><counter type="LINE" missed="0" covered="1"/><counter type="COMPLEXITY" missed="0" covered="1"/><counter type="METHOD" missed="0" covered="1"/></method><method name="getMedicalRecord" desc="(Ljava/lang/String;Ljava/lang/String;Ljava/util/ArrayList;)Lcom/safetynet/apiSafetyNet/model/InputData/MedicalRecord;" line="30"><counter type="INSTRUCTION" missed="0" covered="28"/><counter type="BRANCH" missed="2" covered="4"/><counter type="LINE" missed="0" covered="7"/><counter type="COMPLEXITY" missed="2" covered="2"/><counter type="METHOD" missed="0" covered="1"/></method><method name="filterListMedicalRecordWithFirstNameAndLastName" desc="(Ljava/util/ArrayList;Ljava/lang/String;Ljava/lang/String;)Ljava/util/ArrayList;" line="56"><counter type="INSTRUCTION" missed="0" covered="66"/><counter type="BRANCH" missed="1" covered="11"/><counter type="LINE" missed="0" covered="10"/><counter type="COMPLEXITY" missed="1" covered="6"/><counter type="METHOD" missed="0" covered="1"/></method><method name="getMedicalRecordFromPersonList" desc="(Ljava/util/ArrayList;Ljava/util/ArrayList;)Ljava/util/ArrayList;" line="90"><counter type="INSTRUCTION" missed="0" covered="27"/><counter type="BRANCH" missed="0" covered="2"/><counter type="LINE" missed="0" covered="5"/><counter type="COMPLEXITY" missed="0" covered="2"/><counter type="METHOD" missed="0" covered="1"/></method><counter type="INSTRUCTION" missed="0" covered="124"/><counter type="BRANCH" missed="3" covered="17"/><counter type="LINE" missed="0" covered="23"/><counter type="COMPLEXITY" missed="3" covered="11"/><counter type="METHOD" missed="0" covered="4"/><counter type="CLASS" missed="0" covered="1"/></class><class name="com/safetynet/apiSafetyNet/service/management/HomeInfoManagement" sourcefilename="HomeInfoManagement.java"><method name="&lt;init&gt;" desc="(Lcom/safetynet/apiSafetyNet/service/management/MedicalRecordManagement;Lcom/safetynet/apiSafetyNet/service/management/PersonManagement;)V" line="20"><counter type="INSTRUCTION" missed="0" covered="9"/><counter type="LINE" missed="0" covered="4"/><counter type="COMPLEXITY" missed="0" covered="1"/><counter type="METHOD" missed="0" covered="1"/></method><method name="createHomeInfoListBasedOnAddressList" desc="(Ljava/util/ArrayList;Ljava/util/ArrayList;Ljava/util/ArrayList;Ljava/util/ArrayList;Ljava/util/ArrayList;)V" line="44"><counter type="INSTRUCTION" missed="0" covered="80"/><counter type="BRANCH" missed="0" covered="8"/><counter type="LINE" missed="0" covered="12"/><counter type="COMPLEXITY" missed="0" covered="5"/><counter type="METHOD" missed="0" covered="1"/></method><counter type="INSTRUCTION" missed="0" covered="89"/><counter type="BRANCH" missed="0" covered="8"/><counter type="LINE" missed="0" covered="16"/><counter type="COMPLEXITY" missed="0" covered="6"/><counter type="METHOD" missed="0" covered="2"/><counter type="CLASS" missed="0" covered="1"/></class><class name="com/safetynet/apiSafetyNet/service/management/PersonManagement" sourcefilename="PersonManagement.java"><method name="&lt;init&gt;" desc="(Lcom/safetynet/apiSafetyNet/service/management/MedicalRecordManagement;)V" line="24"><counter type="INSTRUCTION" missed="0" covered="6"/><counter type="LINE" missed="0" covered="3"/><counter type="COMPLEXITY" missed="0" covered="1"/><counter type="METHOD" missed="0" covered="1"/></method><method name="getPersonsFromAddress" desc="(Ljava/lang/String;Lcom/safetynet/apiSafetyNet/model/OutputData/AddressInfo;Ljava/util/ArrayList;Ljava/util/ArrayList;)V" line="46"><counter type="INSTRUCTION" missed="0" covered="46"/><counter type="BRANCH" missed="0" covered="4"/><counter type="LINE" missed="0" covered="7"/><counter type="COMPLEXITY" missed="0" covered="3"/><counter type="METHOD" missed="0" covered="1"/></method><method name="getPhonesFromAddressList" desc="(Ljava/util/ArrayList;Ljava/util/ArrayList;)Ljava/util/ArrayList;" line="70"><counter type="INSTRUCTION" missed="2" covered="30"/><counter type="BRANCH" missed="1" covered="5"/><counter type="LINE" missed="1" covered="7"/><counter type="COMPLEXITY" missed="1" covered="3"/><counter type="METHOD" missed="0" covered="1"/></method><method name="createEmailListFromAddress" desc="(Ljava/lang/String;Ljava/util/ArrayList;)Ljava/util/ArrayList;" line="98"><counter type="INSTRUCTION" missed="2" covered="30"/><counter type="BRANCH" missed="2" covered="4"/><counter type="LINE" missed="1" covered="7"/><counter type="COMPLEXITY" missed="2" covered="2"/><counter type="METHOD" missed="0" covered="1"/></method><method name="getAgeFromPerson" desc="(Lcom/safetynet/apiSafetyNet/model/InputData/MedicalRecord;)I" line="127"><counter type="INSTRUCTION" missed="0" covered="17"/><counter type="LINE" missed="0" covered="5"/><counter type="COMPLEXITY" missed="0" covered="1"/><counter type="METHOD" missed="0" covered="1"/></method><method name="filterListPersonWithFirstNameAndLastName" desc="(Ljava/util/ArrayList;Ljava/lang/String;Ljava/lang/String;)Ljava/util/ArrayList;" line="151"><counter type="INSTRUCTION" missed="0" covered="69"/><counter type="BRANCH" missed="2" covered="12"/><counter type="LINE" missed="0" covered="11"/><counter type="COMPLEXITY" missed="2" covered="6"/><counter type="METHOD" missed="0" covered="1"/></method><method name="createPersonInfoListFromFilteredLists" desc="(Ljava/util/ArrayList;Ljava/util/ArrayList;Ljava/util/ArrayList;)V" line="190"><counter type="INSTRUCTION" missed="0" covered="38"/><counter type="BRANCH" missed="0" covered="2"/><counter type="LINE" missed="0" covered="5"/><counter type="COMPLEXITY" missed="0" covered="2"/><counter type="METHOD" missed="0" covered="1"/></method><method name="getPersonListFromAddress" desc="(Ljava/lang/String;Ljava/util/ArrayList;)Ljava/util/ArrayList;" line="211"><counter type="INSTRUCTION" missed="0" covered="26"/><counter type="BRANCH" missed="0" covered="4"/><counter type="LINE" missed="0" covered="6"/><counter type="COMPLEXITY" missed="0" covered="3"/><counter type="METHOD" missed="0" covered="1"/></method><counter type="INSTRUCTION" missed="4" covered="262"/><counter type="BRANCH" missed="5" covered="31"/><counter type="LINE" missed="2" covered="51"/><counter type="COMPLEXITY" missed="5" covered="21"/><counter type="METHOD" missed="0" covered="8"/><counter type="CLASS" missed="0" covered="1"/></class><sourcefile name="PersonManagement.java"><line nr="24" mi="0" ci="2" mb="0" cb="0"/><line nr="25" mi="0" ci="3" mb="0" cb="0"/><line nr="26" mi="0" ci="1" mb="0" cb="0"/><line nr="46" mi="0" ci="10" mb="0" cb="2"/><line nr="47" mi="0" ci="5" mb="0" cb="2"/><line nr="48" mi="0" ci="9" mb="0" cb="0"/><line nr="49" mi="0" ci="15" mb="0" cb="0"/><line nr="50" mi="0" ci="5" mb="0" cb="0"/><line nr="52" mi="0" ci="1" mb="0" cb="0"/><line nr="53" mi="0" ci="1" mb="0" cb="0"/><line nr="70" mi="0" ci="4" mb="0" cb="0"/><line nr="71" mi="0" ci="10" mb="0" cb="2"/><line nr="72" mi="0" ci="5" mb="0" cb="2"/><line nr="73" mi="0" ci="5" mb="0" cb="0"/><line nr="75" mi="0" ci="1" mb="0" cb="0"/><line nr="76" mi="0" ci="3" mb="1" cb="1"/><line nr="77" mi="2" ci="0" mb="0" cb="0"/><line nr="79" mi="0" ci="2" mb="0" cb="0"/><line nr="98" mi="0" ci="4" mb="0" cb="0"/><line nr="99" mi="0" ci="10" mb="0" cb="2"/><line nr="100" mi="0" ci="5" mb="1" cb="1"/><line nr="101" mi="0" ci="5" mb="0" cb="0"/><line nr="103" mi="0" ci="1" mb="0" cb="0"/><line nr="104" mi="0" ci="3" mb="1" cb="1"/><line nr="105" mi="2" ci="0" mb="0" cb="0"/><line nr="107" mi="0" ci="2" mb="0" cb="0"/><line nr="127" mi="0" ci="3" mb="0" cb="0"/><line nr="128" mi="0" ci="5" mb="0" cb="0"/><line nr="129" mi="0" ci="2" mb="0" cb="0"/><line nr="132" mi="0" ci="5" mb="0" cb="0"/><line nr="133" mi="0" ci="2" mb="0" cb="0"/><line nr="151" mi="0" ci="4" mb="0" cb="0"/><line nr="154" mi="0" ci="7" mb="0" cb="2"/><line nr="155" mi="0" ci="8" mb="0" cb="2"/><line nr="156" mi="0" ci="2" mb="0" cb="2"/><line nr="157" mi="0" ci="16" mb="1" cb="3"/><line nr="158" mi="0" ci="7" mb="0" cb="0"/><line nr="159" mi="0" ci="5" mb="0" cb="0"/><line nr="162" mi="0" ci="3" mb="1" cb="1"/><line nr="163" mi="0" ci="8" mb="0" cb="2"/><line nr="164" mi="0" ci="7" mb="0" cb="0"/><line nr="170" mi="0" ci="2" mb="0" cb="0"/><line nr="190" mi="0" ci="8" mb="0" cb="2"/><line nr="191" mi="0" ci="5" mb="0" cb="0"/><line nr="192" mi="0" ci="5" mb="0" cb="0"/><line nr="193" mi="0" ci="19" mb="0" cb="0"/><line nr="195" mi="0" ci="1" mb="0" cb="0"/><line nr="211" mi="0" ci="4" mb="0" cb="0"/><line nr="212" mi="0" ci="10" mb="0" cb="2"/><line nr="213" mi="0" ci="5" mb="0" cb="2"/><line nr="214" mi="0" ci="4" mb="0" cb="0"/><line nr="216" mi="0" ci="1" mb="0" cb="0"/><line nr="217" mi="0" ci="2" mb="0" cb="0"/><counter type="INSTRUCTION" missed="4" covered="262"/><counter type="BRANCH" missed="5" covered="31"/><counter type="LINE" missed="2" covered="51"/><counter type="COMPLEXITY" missed="5" covered="21"/><counter type="METHOD" missed="0" covered="8"/><counter type="CLASS" missed="0" covered="1"/></sourcefile><sourcefile name="InhabitantManagement.java"><line nr="17" mi="0" ci="2" mb="0" cb="0"/><line nr="18" mi="0" ci="3" mb="0" cb="0"/><line nr="19" mi="0" ci="1" mb="0" cb="0"/><line nr="36" mi="0" ci="10" mb="0" cb="2"/><line nr="37" mi="0" ci="11" mb="0" cb="2"/><line nr="38" mi="0" ci="12" mb="0" cb="4"/><line nr="39" mi="0" ci="5" mb="0" cb="0"/><line nr="40" mi="0" ci="3" mb="0" cb="2"/><line nr="41" mi="0" ci="7" mb="0" cb="0"/><line nr="44" mi="0" ci="6" mb="0" cb="0"/><line nr="47" mi="0" ci="1" mb="0" cb="0"/><line nr="48" mi="0" ci="1" mb="0" cb="0"/><line nr="49" mi="0" ci="1" mb="0" cb="0"/><line nr="67" mi="0" ci="10" mb="0" cb="2"/><line nr="68" mi="0" ci="5" mb="1" cb="1"/><line nr="69" mi="0" ci="15" mb="0" cb="0"/><line nr="71" mi="0" ci="1" mb="0" cb="0"/><line nr="72" mi="0" ci="1" mb="0" cb="0"/><counter type="INSTRUCTION" missed="0" covered="95"/><counter type="BRANCH" missed="1" covered="13"/><counter type="LINE" missed="0" covered="18"/><counter type="COMPLEXITY" missed="1" covered="9"/><counter type="METHOD" missed="0" covered="3"/><counter type="CLASS" missed="0" covered="1"/></sourcefile><sourcefile name="ChildrenInfoManagement.java"><line nr="21" mi="0" ci="2" mb="0" cb="0"/><line nr="22" mi="0" ci="1" mb="0" cb="0"/><line nr="24" mi="0" ci="2" mb="0" cb="0"/><line nr="25" mi="0" ci="3" mb="0" cb="0"/><line nr="26" mi="0" ci="1" mb="0" cb="0"/><line nr="45" mi="0" ci="8" mb="0" cb="2"/><line nr="46" mi="0" ci="8" mb="0" cb="0"/><line nr="47" mi="0" ci="3" mb="0" cb="2"/><line nr="48" mi="0" ci="18" mb="0" cb="0"/><line nr="49" mi="0" ci="7" mb="0" cb="0"/><line nr="52" mi="0" ci="18" mb="0" cb="0"/><line nr="55" mi="0" ci="1" mb="0" cb="0"/><counter type="INSTRUCTION" missed="0" covered="72"/><counter type="BRANCH" missed="0" covered="4"/><counter type="LINE" missed="0" covered="12"/><counter type="COMPLEXITY" missed="0" covered="5"/><counter type="METHOD" missed="0" covered="3"/><counter type="CLASS" missed="0" covered="1"/></sourcefile><sourcefile name="MedicalRecordManagement.java"><line nr="12" mi="0" ci="3" mb="0" cb="0"/><line nr="30" mi="0" ci="2" mb="0" cb="0"/><line nr="31" mi="0" ci="10" mb="1" cb="1"/><line nr="32" mi="0" ci="10" mb="1" cb="3"/><line nr="33" mi="0" ci="2" mb="0" cb="0"/><line nr="34" mi="0" ci="1" mb="0" cb="0"/><line nr="36" mi="0" ci="1" mb="0" cb="0"/><line nr="37" mi="0" ci="2" mb="0" cb="0"/><line nr="56" mi="0" ci="4" mb="0" cb="0"/><line nr="57" mi="0" ci="7" mb="0" cb="2"/><line nr="58" mi="0" ci="8" mb="0" cb="2"/><line nr="59" mi="0" ci="2" mb="0" cb="2"/><line nr="60" mi="0" ci="16" mb="1" cb="3"/><line nr="61" mi="0" ci="7" mb="0" cb="0"/><line nr="62" mi="0" ci="5" mb="0" cb="0"/><line nr="66" mi="0" ci="8" mb="0" cb="2"/><line nr="67" mi="0" ci="7" mb="0" cb="0"/><line nr="72" mi="0" ci="2" mb="0" cb="0"/><line nr="90" mi="0" ci="4" mb="0" cb="0"/><line nr="91" mi="0" ci="10" mb="0" cb="2"/><line nr="92" mi="0" ci="10" mb="0" cb="0"/><line nr="93" mi="0" ci="1" mb="0" cb="0"/><line nr="94" mi="0" ci="2" mb="0" cb="0"/><counter type="INSTRUCTION" missed="0" covered="124"/><counter type="BRANCH" missed="3" covered="17"/><counter type="LINE" missed="0" covered="23"/><counter type="COMPLEXITY" missed="3" covered="11"/><counter type="METHOD" missed="0" covered="4"/><counter type="CLASS" missed="0" covered="1"/></sourcefile><sourcefile name="HomeInfoManagement.java"><line nr="20" mi="0" ci="2" mb="0" cb="0"/><line nr="21" mi="0" ci="3" mb="0" cb="0"/><line nr="22" mi="0" ci="3" mb="0" cb="0"/><line nr="23" mi="0" ci="1" mb="0" cb="0"/><line nr="44" mi="0" ci="8" mb="0" cb="2"/><line nr="46" mi="0" ci="5" mb="0" cb="0"/><line nr="47" mi="0" ci="10" mb="0" cb="2"/><line nr="48" mi="0" ci="4" mb="0" cb="0"/><line nr="49" mi="0" ci="10" mb="0" cb="2"/><line nr="51" mi="0" ci="5" mb="0" cb="2"/><line nr="52" mi="0" ci="9" mb="0" cb="0"/><line nr="53" mi="0" ci="18" mb="0" cb="0"/><line nr="55" mi="0" ci="1" mb="0" cb="0"/><line nr="56" mi="0" ci="8" mb="0" cb="0"/><line nr="57" mi="0" ci="1" mb="0" cb="0"/><line nr="59" mi="0" ci="1" mb="0" cb="0"/><counter type="INSTRUCTION" missed="0" covered="89"/><counter type="BRANCH" missed="0" covered="8"/><counter type="LINE" missed="0" covered="16"/><counter type="COMPLEXITY" missed="0" covered="6"/><counter type="METHOD" missed="0" covered="2"/><counter type="CLASS" missed="0" covered="1"/></sourcefile><sourcefile name="FireStationManagement.java"><line nr="15" mi="0" ci="3" mb="0" cb="0"/><line nr="31" mi="0" ci="4" mb="0" cb="0"/><line nr="32" mi="0" ci="10" mb="0" cb="2"/><line nr="33" mi="0" ci="5" mb="0" cb="2"/><line nr="34" mi="0" ci="5" mb="0" cb="0"/><line nr="36" mi="0" ci="1" mb="0" cb="0"/><line nr="37" mi="0" ci="2" mb="0" cb="0"/><line nr="57" mi="0" ci="10" mb="0" cb="2"/><line nr="58" mi="0" ci="5" mb="0" cb="2"/><line nr="59" mi="0" ci="4" mb="0" cb="0"/><line nr="61" mi="0" ci="1" mb="0" cb="0"/><line nr="62" mi="0" ci="1" mb="0" cb="0"/><line nr="80" mi="0" ci="4" mb="0" cb="0"/><line nr="81" mi="0" ci="2" mb="0" cb="0"/><line nr="82" mi="0" ci="8" mb="0" cb="2"/><line nr="83" mi="0" ci="10" mb="0" cb="0"/><line nr="85" mi="0" ci="2" mb="0" cb="0"/><counter type="INSTRUCTION" missed="0" covered="77"/><counter type="BRANCH" missed="0" covered="10"/><counter type="LINE" missed="0" covered="17"/><counter type="COMPLEXITY" missed="0" covered="9"/><counter type="METHOD" missed="0" covered="4"/><counter type="CLASS" missed="0" covered="1"/></sourcefile><counter type="INSTRUCTION" missed="4" covered="719"/><counter type="BRANCH" missed="9" covered="83"/><counter type="LINE" missed="2" covered="137"/><counter type="COMPLEXITY" missed="9" covered="61"/><counter type="METHOD" missed="0" covered="24"/><counter type="CLASS" missed="0" covered="6"/></package><package name="com/safetynet/apiSafetyNet/controller"><class name="com/safetynet/apiSafetyNet/controller/FireStationController" sourcefilename="FireStationController.java"><method name="&lt;init&gt;" desc="(Lcom/safetynet/apiSafetyNet/service/FireStationService;)V" line="36"><counter type="INSTRUCTION" missed="0" covered="6"/><counter type="LINE" missed="0" covered="3"/><counter type="COMPLEXITY" missed="0" covered="1"/><counter type="METHOD" missed="0" covered="1"/></method><method name="addFireStation" desc="(Lcom/safetynet/apiSafetyNet/model/InputData/FireStation;)Lorg/springframework/http/ResponseEntity;" line="54"><counter type="INSTRUCTION" missed="3" covered="13"/><counter type="BRANCH" missed="1" covered="1"/><counter type="LINE" missed="1" covered="3"/><counter type="COMPLEXITY" missed="1" covered="1"/><counter type="METHOD" missed="0" covered="1"/></method><method name="modifyInfoFireStation" desc="(Lcom/safetynet/apiSafetyNet/model/InputData/FireStation;)Lorg/springframework/http/ResponseEntity;" line="77"><counter type="INSTRUCTION" missed="14" covered="13"/><counter type="BRANCH" missed="1" covered="1"/><counter type="LINE" missed="3" covered="3"/><counter type="COMPLEXITY" missed="1" covered="1"/><counter type="METHOD" missed="0" covered="1"/></method><method name="deleteFireStation" desc="(Lcom/safetynet/apiSafetyNet/model/InputData/FireStation;)Lorg/springframework/http/ResponseEntity;" line="103"><counter type="INSTRUCTION" missed="14" covered="13"/><counter type="BRANCH" missed="1" covered="1"/><counter type="LINE" missed="3" covered="3"/><counter type="COMPLEXITY" missed="1" covered="1"/><counter type="METHOD" missed="0" covered="1"/></method><method name="getInfoPersonFromFireStationNumber" desc="(Ljava/lang/String;)Lorg/springframework/http/ResponseEntity;" line="131"><counter type="INSTRUCTION" missed="13" covered="13"/><counter type="BRANCH" missed="1" covered="1"/><counter type="LINE" missed="3" covered="3"/><counter type="COMPLEXITY" missed="1" covered="1"/><counter type="METHOD" missed="0" covered="1"/></method><method name="getHomeListsFromFiresStationNumbers" desc="(Ljava/lang/String;)Lorg/springframework/http/ResponseEntity;" line="160"><counter type="INSTRUCTION" missed="15" covered="21"/><counter type="BRANCH" missed="1" covered="1"/><counter type="LINE" missed="3" covered="4"/><counter type="COMPLEXITY" missed="1" covered="1"/><counter type="METHOD" missed="0" covered="1"/></method><method name="getInfoFromEachPersonFromAddressAndAppointedFireStationNumber" desc="(Ljava/lang/String;)Lorg/springframework/http/ResponseEntity;" line="191"><counter type="INSTRUCTION" missed="13" covered="13"/><counter type="BRANCH" missed="1" covered="1"/><counter type="LINE" missed="3" covered="3"/><counter type="COMPLEXITY" missed="1" covered="1"/><counter type="METHOD" missed="0" covered="1"/></method><method name="&lt;clinit&gt;" desc="()V" line="33"><counter type="INSTRUCTION" missed="0" covered="4"/><counter type="LINE" missed="0" covered="1"/><counter type="COMPLEXITY" missed="0" covered="1"/><counter type="METHOD" missed="0" covered="1"/></method><counter type="INSTRUCTION" missed="72" covered="96"/><counter type="BRANCH" missed="6" covered="6"/><counter type="LINE" missed="16" covered="23"/><counter type="COMPLEXITY" missed="6" covered="8"/><counter type="METHOD" missed="0" covered="8"/><counter type="CLASS" missed="0" covered="1"/></class><class name="com/safetynet/apiSafetyNet/controller/PersonController" sourcefilename="PersonController.java"><method name="&lt;init&gt;" desc="(Lcom/safetynet/apiSafetyNet/service/PersonService;)V" line="38"><counter type="INSTRUCTION" missed="0" covered="6"/><counter type="LINE" missed="0" covered="3"/><counter type="COMPLEXITY" missed="0" covered="1"/><counter type="METHOD" missed="0" covered="1"/></method><method name="addPerson" desc="(Lcom/safetynet/apiSafetyNet/model/InputData/Person;)Lorg/springframework/http/ResponseEntity;" line="56"><counter type="INSTRUCTION" missed="3" covered="13"/><counter type="BRANCH" missed="1" covered="1"/><counter type="LINE" missed="1" covered="3"/><counter type="COMPLEXITY" missed="1" covered="1"/><counter type="METHOD" missed="0" covered="1"/></method><method name="modifyInfoPerson" desc="(Lcom/safetynet/apiSafetyNet/model/InputData/Person;)Lorg/springframework/http/ResponseEntity;" line="79"><counter type="INSTRUCTION" missed="16" covered="13"/><counter type="BRANCH" missed="1" covered="1"/><counter type="LINE" missed="3" covered="3"/><counter type="COMPLEXITY" missed="1" covered="1"/><counter type="METHOD" missed="0" covered="1"/></method><method name="deletePerson" desc="(Lcom/safetynet/apiSafetyNet/model/InputData/Person;)Lorg/springframework/http/ResponseEntity;" line="107"><counter type="INSTRUCTION" missed="16" covered="13"/><counter type="BRANCH" missed="1" covered="1"/><counter type="LINE" missed="3" covered="3"/><counter type="COMPLEXITY" missed="1" covered="1"/><counter type="METHOD" missed="0" covered="1"/></method><method name="getChildListFromAddress" desc="(Ljava/lang/String;)Lorg/springframework/http/ResponseEntity;" line="136"><counter type="INSTRUCTION" missed="13" covered="13"/><counter type="BRANCH" missed="1" covered="1"/><counter type="LINE" missed="3" covered="3"/><counter type="COMPLEXITY" missed="1" covered="1"/><counter type="METHOD" missed="0" covered="1"/></method><method name="getPhoneNumberListFromFireStationNumber" desc="(Ljava/lang/String;)Lorg/springframework/http/ResponseEntity;" line="165"><counter type="INSTRUCTION" missed="13" covered="13"/><counter type="BRANCH" missed="1" covered="1"/><counter type="LINE" missed="3" covered="3"/><counter type="COMPLEXITY" missed="1" covered="1"/><counter type="METHOD" missed="0" covered="1"/></method><method name="getMailFromPersonFromCity" desc="(Ljava/lang/String;)Lorg/springframework/http/ResponseEntity;" line="194"><counter type="INSTRUCTION" missed="13" covered="13"/><counter type="BRANCH" missed="1" covered="1"/><counter type="LINE" missed="3" covered="3"/><counter type="COMPLEXITY" missed="1" covered="1"/><counter type="METHOD" missed="0" covered="1"/></method><method name="getInfoFromPersonWithName" desc="(Ljava/lang/String;Ljava/lang/String;)Lorg/springframework/http/ResponseEntity;" line="224"><counter type="INSTRUCTION" missed="14" covered="14"/><counter type="BRANCH" missed="1" covered="1"/><counter type="LINE" missed="3" covered="3"/><counter type="COMPLEXITY" missed="1" covered="1"/><counter type="METHOD" missed="0" covered="1"/></method><method name="&lt;clinit&gt;" desc="()V" line="36"><counter type="INSTRUCTION" missed="0" covered="4"/><counter type="LINE" missed="0" covered="1"/><counter type="COMPLEXITY" missed="0" covered="1"/><counter type="METHOD" missed="0" covered="1"/></method><counter type="INSTRUCTION" missed="88" covered="102"/><counter type="BRANCH" missed="7" covered="7"/><counter type="LINE" missed="19" covered="25"/><counter type="COMPLEXITY" missed="7" covered="9"/><counter type="METHOD" missed="0" covered="9"/><counter type="CLASS" missed="0" covered="1"/></class><class name="com/safetynet/apiSafetyNet/controller/MedicalRecordController" sourcefilename="MedicalRecordController.java"><method name="&lt;init&gt;" desc="(Lcom/safetynet/apiSafetyNet/service/MedicalRecordService;)V" line="25"><counter type="INSTRUCTION" missed="0" covered="6"/><counter type="LINE" missed="0" covered="3"/><counter type="COMPLEXITY" missed="0" covered="1"/><counter type="METHOD" missed="0" covered="1"/></method><method name="addMedicalRecord" desc="(Lcom/safetynet/apiSafetyNet/model/InputData/MedicalRecord;)Lorg/springframework/http/ResponseEntity;" line="43"><counter type="INSTRUCTION" missed="3" covered="13"/><counter type="BRANCH" missed="1" covered="1"/><counter type="LINE" missed="1" covered="3"/><counter type="COMPLEXITY" missed="1" covered="1"/><counter type="METHOD" missed="0" covered="1"/></method><method name="modifyInfoMedicalRecord" desc="(Lcom/safetynet/apiSafetyNet/model/InputData/MedicalRecord;)Lorg/springframework/http/ResponseEntity;" line="66"><counter type="INSTRUCTION" missed="16" covered="13"/><counter type="BRANCH" missed="1" covered="1"/><counter type="LINE" missed="3" covered="3"/><counter type="COMPLEXITY" missed="1" covered="1"/><counter type="METHOD" missed="0" covered="1"/></method><method name="deleteMedicalRecord" desc="(Lcom/safetynet/apiSafetyNet/model/InputData/MedicalRecord;)Lorg/springframework/http/ResponseEntity;" line="92"><counter type="INSTRUCTION" missed="16" covered="13"/><counter type="BRANCH" missed="1" covered="1"/><counter type="LINE" missed="3" covered="3"/><counter type="COMPLEXITY" missed="1" covered="1"/><counter type="METHOD" missed="0" covered="1"/></method><method name="&lt;clinit&gt;" desc="()V" line="23"><counter type="INSTRUCTION" missed="0" covered="4"/><counter type="LINE" missed="0" covered="1"/><counter type="COMPLEXITY" missed="0" covered="1"/><counter type="METHOD" missed="0" covered="1"/></method><counter type="INSTRUCTION" missed="35" covered="49"/><counter type="BRANCH" missed="3" covered="3"/><counter type="LINE" missed="7" covered="13"/><counter type="COMPLEXITY" missed="3" covered="5"/><counter type="METHOD" missed="0" covered="5"/><counter type="CLASS" missed="0" covered="1"/></class><sourcefile name="PersonController.java"><line nr="36" mi="0" ci="4" mb="0" cb="0"/><line nr="38" mi="0" ci="2" mb="0" cb="0"/><line nr="39" mi="0" ci="3" mb="0" cb="0"/><line nr="40" mi="0" ci="1" mb="0" cb="0"/><line nr="56" mi="0" ci="5" mb="0" cb="0"/><line nr="57" mi="0" ci="2" mb="1" cb="1"/><line nr="58" mi="3" ci="0" mb="0" cb="0"/><line nr="61" mi="0" ci="6" mb="0" cb="0"/><line nr="79" mi="0" ci="5" mb="0" cb="0"/><line nr="81" mi="0" ci="2" mb="1" cb="1"/><line nr="82" mi="9" ci="0" mb="0" cb="0"/><line nr="83" mi="5" ci="0" mb="0" cb="0"/><line nr="84" mi="2" ci="0" mb="0" cb="0"/><line nr="88" mi="0" ci="6" mb="0" cb="0"/><line nr="107" mi="0" ci="5" mb="0" cb="0"/><line nr="109" mi="0" ci="2" mb="1" cb="1"/><line nr="110" mi="9" ci="0" mb="0" cb="0"/><line nr="111" mi="5" ci="0" mb="0" cb="0"/><line nr="112" mi="2" ci="0" mb="0" cb="0"/><line nr="115" mi="0" ci="6" mb="0" cb="0"/><line nr="136" mi="0" ci="5" mb="0" cb="0"/><line nr="138" mi="0" ci="2" mb="1" cb="1"/><line nr="139" mi="6" ci="0" mb="0" cb="0"/><line nr="140" mi="5" ci="0" mb="0" cb="0"/><line nr="141" mi="2" ci="0" mb="0" cb="0"/><line nr="144" mi="0" ci="6" mb="0" cb="0"/><line nr="165" mi="0" ci="5" mb="0" cb="0"/><line nr="167" mi="0" ci="2" mb="1" cb="1"/><line nr="168" mi="6" ci="0" mb="0" cb="0"/><line nr="169" mi="5" ci="0" mb="0" cb="0"/><line nr="170" mi="2" ci="0" mb="0" cb="0"/><line nr="173" mi="0" ci="6" mb="0" cb="0"/><line nr="194" mi="0" ci="5" mb="0" cb="0"/><line nr="196" mi="0" ci="2" mb="1" cb="1"/><line nr="197" mi="6" ci="0" mb="0" cb="0"/><line nr="198" mi="5" ci="0" mb="0" cb="0"/><line nr="199" mi="2" ci="0" mb="0" cb="0"/><line nr="202" mi="0" ci="6" mb="0" cb="0"/><line nr="224" mi="0" ci="6" mb="0" cb="0"/><line nr="226" mi="0" ci="2" mb="1" cb="1"/><line nr="227" mi="7" ci="0" mb="0" cb="0"/><line nr="228" mi="5" ci="0" mb="0" cb="0"/><line nr="229" mi="2" ci="0" mb="0" cb="0"/><line nr="232" mi="0" ci="6" mb="0" cb="0"/><counter type="INSTRUCTION" missed="88" covered="102"/><counter type="BRANCH" missed="7" covered="7"/><counter type="LINE" missed="19" covered="25"/><counter type="COMPLEXITY" missed="7" covered="9"/><counter type="METHOD" missed="0" covered="9"/><counter type="CLASS" missed="0" covered="1"/></sourcefile><sourcefile name="MedicalRecordController.java"><line nr="23" mi="0" ci="4" mb="0" cb="0"/><line nr="25" mi="0" ci="2" mb="0" cb="0"/><line nr="26" mi="0" ci="3" mb="0" cb="0"/><line nr="27" mi="0" ci="1" mb="0" cb="0"/><line nr="43" mi="0" ci="5" mb="0" cb="0"/><line nr="44" mi="0" ci="2" mb="1" cb="1"/><line nr="45" mi="3" ci="0" mb="0" cb="0"/><line nr="48" mi="0" ci="6" mb="0" cb="0"/><line nr="66" mi="0" ci="5" mb="0" cb="0"/><line nr="68" mi="0" ci="2" mb="1" cb="1"/><line nr="69" mi="9" ci="0" mb="0" cb="0"/><line nr="70" mi="5" ci="0" mb="0" cb="0"/><line nr="71" mi="2" ci="0" mb="0" cb="0"/><line nr="74" mi="0" ci="6" mb="0" cb="0"/><line nr="92" mi="0" ci="5" mb="0" cb="0"/><line nr="94" mi="0" ci="2" mb="1" cb="1"/><line nr="95" mi="9" ci="0" mb="0" cb="0"/><line nr="96" mi="5" ci="0" mb="0" cb="0"/><line nr="97" mi="2" ci="0" mb="0" cb="0"/><line nr="100" mi="0" ci="6" mb="0" cb="0"/><counter type="INSTRUCTION" missed="35" covered="49"/><counter type="BRANCH" missed="3" covered="3"/><counter type="LINE" missed="7" covered="13"/><counter type="COMPLEXITY" missed="3" covered="5"/><counter type="METHOD" missed="0" covered="5"/><counter type="CLASS" missed="0" covered="1"/></sourcefile><sourcefile name="FireStationController.java"><line nr="33" mi="0" ci="4" mb="0" cb="0"/><line nr="36" mi="0" ci="2" mb="0" cb="0"/><line nr="37" mi="0" ci="3" mb="0" cb="0"/><line nr="38" mi="0" ci="1" mb="0" cb="0"/><line nr="54" mi="0" ci="5" mb="0" cb="0"/><line nr="55" mi="0" ci="2" mb="1" cb="1"/><line nr="56" mi="3" ci="0" mb="0" cb="0"/><line nr="59" mi="0" ci="6" mb="0" cb="0"/><line nr="77" mi="0" ci="5" mb="0" cb="0"/><line nr="78" mi="0" ci="2" mb="1" cb="1"/><line nr="79" mi="7" ci="0" mb="0" cb="0"/><line nr="80" mi="5" ci="0" mb="0" cb="0"/><line nr="81" mi="2" ci="0" mb="0" cb="0"/><line nr="85" mi="0" ci="6" mb="0" cb="0"/><line nr="103" mi="0" ci="5" mb="0" cb="0"/><line nr="104" mi="0" ci="2" mb="1" cb="1"/><line nr="105" mi="7" ci="0" mb="0" cb="0"/><line nr="106" mi="5" ci="0" mb="0" cb="0"/><line nr="107" mi="2" ci="0" mb="0" cb="0"/><line nr="110" mi="0" ci="6" mb="0" cb="0"/><line nr="131" mi="0" ci="5" mb="0" cb="0"/><line nr="132" mi="0" ci="2" mb="1" cb="1"/><line nr="133" mi="6" ci="0" mb="0" cb="0"/><line nr="134" mi="5" ci="0" mb="0" cb="0"/><line nr="135" mi="2" ci="0" mb="0" cb="0"/><line nr="138" mi="0" ci="6" mb="0" cb="0"/><line nr="160" mi="0" ci="8" mb="0" cb="0"/><line nr="162" mi="0" ci="5" mb="0" cb="0"/><line nr="164" mi="0" ci="2" mb="1" cb="1"/><line nr="165" mi="8" ci="0" mb="0" cb="0"/><line nr="166" mi="5" ci="0" mb="0" cb="0"/><line nr="167" mi="2" ci="0" mb="0" cb="0"/><line nr="170" mi="0" ci="6" mb="0" cb="0"/><line nr="191" mi="0" ci="5" mb="0" cb="0"/><line nr="192" mi="0" ci="2" mb="1" cb="1"/><line nr="193" mi="6" ci="0" mb="0" cb="0"/><line nr="194" mi="5" ci="0" mb="0" cb="0"/><line nr="195" mi="2" ci="0" mb="0" cb="0"/><line nr="198" mi="0" ci="6" mb="0" cb="0"/><counter type="INSTRUCTION" missed="72" covered="96"/><counter type="BRANCH" missed="6" covered="6"/><counter type="LINE" missed="16" covered="23"/><counter type="COMPLEXITY" missed="6" covered="8"/><counter type="METHOD" missed="0" covered="8"/><counter type="CLASS" missed="0" covered="1"/></sourcefile><counter type="INSTRUCTION" missed="195" covered="247"/><counter type="BRANCH" missed="16" covered="16"/><counter type="LINE" missed="42" covered="61"/><counter type="COMPLEXITY" missed="16" covered="22"/><counter type="METHOD" missed="0" covered="22"/><counter type="CLASS" missed="0" covered="3"/></package><package name="com/safetynet/apiSafetyNet/configuration"><class name="com/safetynet/apiSafetyNet/configuration/SwaggerConfig" sourcefilename="SwaggerConfig.java"><method name="&lt;init&gt;" desc="()V" line="13"><counter type="INSTRUCTION" missed="0" covered="3"/><counter type="LINE" missed="0" covered="1"/><counter type="COMPLEXITY" missed="0" covered="1"/><counter type="METHOD" missed="0" covered="1"/></method><method name="api" desc="()Lspringfox/documentation/spring/web/plugins/Docket;" line="16"><counter type="INSTRUCTION" missed="0" covered="12"/><counter type="LINE" missed="0" covered="5"/><counter type="COMPLEXITY" missed="0" covered="1"/><counter type="METHOD" missed="0" covered="1"/></method><counter type="INSTRUCTION" missed="0" covered="15"/><counter type="LINE" missed="0" covered="6"/><counter type="COMPLEXITY" missed="0" covered="2"/><counter type="METHOD" missed="0" covered="2"/><counter type="CLASS" missed="0" covered="1"/></class><class name="com/safetynet/apiSafetyNet/configuration/WebConfig" sourcefilename="WebConfig.java"><method name="&lt;init&gt;" desc="()V" line="9"><counter type="INSTRUCTION" missed="0" covered="3"/><counter type="LINE" missed="0" covered="1"/><counter type="COMPLEXITY" missed="0" covered="1"/><counter type="METHOD" missed="0" covered="1"/></method><method name="addInterceptors" desc="(Lorg/springframework/web/servlet/config/annotation/InterceptorRegistry;)V" line="13"><counter type="INSTRUCTION" missed="0" covered="7"/><counter type="LINE" missed="0" covered="2"/><counter type="COMPLEXITY" missed="0" covered="1"/><counter type="METHOD" missed="0" covered="1"/></method><counter type="INSTRUCTION" missed="0" covered="10"/><counter type="LINE" missed="0" covered="3"/><counter type="COMPLEXITY" missed="0" covered="2"/><counter type="METHOD" missed="0" covered="2"/><counter type="CLASS" missed="0" covered="1"/></class><sourcefile name="WebConfig.java"><line nr="9" mi="0" ci="3" mb="0" cb="0"/><line nr="13" mi="0" ci="6" mb="0" cb="0"/><line nr="14" mi="0" ci="1" mb="0" cb="0"/><counter type="INSTRUCTION" missed="0" covered="10"/><counter type="LINE" missed="0" covered="3"/><counter type="COMPLEXITY" missed="0" covered="2"/><counter type="METHOD" missed="0" covered="2"/><counter type="CLASS" missed="0" covered="1"/></sourcefile><sourcefile name="SwaggerConfig.java"><line nr="13" mi="0" ci="3" mb="0" cb="0"/><line nr="16" mi="0" ci="5" mb="0" cb="0"/><line nr="17" mi="0" ci="2" mb="0" cb="0"/><line nr="18" mi="0" ci="2" mb="0" cb="0"/><line nr="19" mi="0" ci="2" mb="0" cb="0"/><line nr="20" mi="0" ci="1" mb="0" cb="0"/><counter type="INSTRUCTION" missed="0" covered="15"/><counter type="LINE" missed="0" covered="6"/><counter type="COMPLEXITY" missed="0" covered="2"/><counter type="METHOD" missed="0" covered="2"/><counter type="CLASS" missed="0" covered="1"/></sourcefile><counter type="INSTRUCTION" missed="0" covered="25"/><counter type="LINE" missed="0" covered="9"/><counter type="COMPLEXITY" missed="0" covered="4"/><counter type="METHOD" missed="0" covered="4"/><counter type="CLASS" missed="0" covered="2"/></package><package name="com/safetynet/apiSafetyNet/service"><class name="com/safetynet/apiSafetyNet/service/PersonService" sourcefilename="PersonService.java"><method name="&lt;init&gt;" desc="()V" line="50"><counter type="INSTRUCTION" missed="0" covered="3"/><counter type="LINE" missed="0" covered="2"/><counter type="COMPLEXITY" missed="0" covered="1"/><counter type="METHOD" missed="0" covered="1"/></method><method name="&lt;init&gt;" desc="(Ljava/lang/String;Lcom/safetynet/apiSafetyNet/repository/PersonCRUD;Lcom/safetynet/apiSafetyNet/repository/FireStationCRUD;Lcom/safetynet/apiSafetyNet/repository/MedicalRecordCRUD;Lcom/safetynet/apiSafetyNet/service/management/PersonManagement;Lcom/safetynet/apiSafetyNet/service/management/FireStationManagement;Lcom/safetynet/apiSafetyNet/service/management/MedicalRecordManagement;Lcom/safetynet/apiSafetyNet/service/management/ChildrenInfoManagement;)V" line="55"><counter type="INSTRUCTION" missed="0" covered="27"/><counter type="LINE" missed="0" covered="10"/><counter type="COMPLEXITY" missed="0" covered="1"/><counter type="METHOD" missed="0" covered="1"/></method><method name="addPerson" desc="(Lcom/safetynet/apiSafetyNet/model/InputData/Person;)Lcom/safetynet/apiSafetyNet/model/InputData/Person;" line="79"><counter type="INSTRUCTION" missed="0" covered="5"/><counter type="LINE" missed="0" covered="1"/><counter type="COMPLEXITY" missed="0" covered="1"/><counter type="METHOD" missed="0" covered="1"/></method><method name="modifyInfoPerson" desc="(Lcom/safetynet/apiSafetyNet/model/InputData/Person;)Lcom/safetynet/apiSafetyNet/model/InputData/Person;" line="95"><counter type="INSTRUCTION" missed="0" covered="5"/><counter type="LINE" missed="0" covered="1"/><counter type="COMPLEXITY" missed="0" covered="1"/><counter type="METHOD" missed="0" covered="1"/></method><method name="deletePerson" desc="(Lcom/safetynet/apiSafetyNet/model/InputData/Person;)Lcom/safetynet/apiSafetyNet/model/InputData/Person;" line="111"><counter type="INSTRUCTION" missed="0" covered="5"/><counter type="LINE" missed="0" covered="1"/><counter type="COMPLEXITY" missed="0" covered="1"/><counter type="METHOD" missed="0" covered="1"/></method><method name="getMailFromAllPersonsFromCity" desc="(Ljava/lang/String;)Ljava/util/List;" line="127"><counter type="INSTRUCTION" missed="3" covered="31"/><counter type="LINE" missed="2" covered="7"/><counter type="COMPLEXITY" missed="0" covered="1"/><counter type="METHOD" missed="0" covered="1"/></method><method name="getInfoFromPersonWithName" desc="(Ljava/lang/String;Ljava/lang/String;)Ljava/util/ArrayList;" line="159"><counter type="INSTRUCTION" missed="13" covered="54"/><counter type="BRANCH" missed="1" covered="1"/><counter type="LINE" missed="7" covered="12"/><counter type="COMPLEXITY" missed="1" covered="1"/><counter type="METHOD" missed="0" covered="1"/></method><method name="getChildListFromAddress" desc="(Ljava/lang/String;)Lcom/safetynet/apiSafetyNet/model/OutputData/ChildrenInfo;" line="205"><counter type="INSTRUCTION" missed="13" covered="64"/><counter type="BRANCH" missed="1" covered="1"/><counter type="LINE" missed="7" covered="14"/><counter type="COMPLEXITY" missed="1" covered="1"/><counter type="METHOD" missed="0" covered="1"/></method><method name="getPhoneNumberListFromFireStationNumber" desc="(Ljava/lang/String;)Ljava/util/ArrayList;" line="258"><counter type="INSTRUCTION" missed="3" covered="40"/><counter type="LINE" missed="2" covered="9"/><counter type="COMPLEXITY" missed="0" covered="1"/><counter type="METHOD" missed="0" covered="1"/></method><counter type="INSTRUCTION" missed="32" covered="234"/><counter type="BRANCH" missed="2" covered="2"/><counter type="LINE" missed="18" covered="57"/><counter type="COMPLEXITY" missed="2" covered="9"/><counter type="METHOD" missed="0" covered="9"/><counter type="CLASS" missed="0" covered="1"/></class><class name="com/safetynet/apiSafetyNet/service/MedicalRecordService" sourcefilename="MedicalRecordService.java"><method name="&lt;init&gt;" desc="()V" line="13"><counter type="INSTRUCTION" missed="0" covered="3"/><counter type="LINE" missed="0" covered="2"/><counter type="COMPLEXITY" missed="0" covered="1"/><counter type="METHOD" missed="0" covered="1"/></method><method name="&lt;init&gt;" desc="(Lcom/safetynet/apiSafetyNet/repository/MedicalRecordCRUD;)V" line="19"><counter type="INSTRUCTION" missed="0" covered="6"/><counter type="LINE" missed="0" covered="3"/><counter type="COMPLEXITY" missed="0" covered="1"/><counter type="METHOD" missed="0" covered="1"/></method><method name="addMedicalRecord" desc="(Lcom/safetynet/apiSafetyNet/model/InputData/MedicalRecord;)Lcom/safetynet/apiSafetyNet/model/InputData/MedicalRecord;" line="36"><counter type="INSTRUCTION" missed="0" covered="5"/><counter type="LINE" missed="0" covered="1"/><counter type="COMPLEXITY" missed="0" covered="1"/><counter type="METHOD" missed="0" covered="1"/></method><method name="modifyInfoMedicalRecord" desc="(Lcom/safetynet/apiSafetyNet/model/InputData/MedicalRecord;)Lcom/safetynet/apiSafetyNet/model/InputData/MedicalRecord;" line="52"><counter type="INSTRUCTION" missed="0" covered="5"/><counter type="LINE" missed="0" covered="1"/><counter type="COMPLEXITY" missed="0" covered="1"/><counter type="METHOD" missed="0" covered="1"/></method><method name="deleteMedicalRecord" desc="(Lcom/safetynet/apiSafetyNet/model/InputData/MedicalRecord;)Lcom/safetynet/apiSafetyNet/model/InputData/MedicalRecord;" line="68"><counter type="INSTRUCTION" missed="0" covered="5"/><counter type="LINE" missed="0" covered="1"/><counter type="COMPLEXITY" missed="0" covered="1"/><counter type="METHOD" missed="0" covered="1"/></method><counter type="INSTRUCTION" missed="0" covered="24"/><counter type="LINE" missed="0" covered="8"/><counter type="COMPLEXITY" missed="0" covered="5"/><counter type="METHOD" missed="0" covered="5"/><counter type="CLASS" missed="0" covered="1"/></class><class name="com/safetynet/apiSafetyNet/service/FireStationService" sourcefilename="FireStationService.java"><method name="&lt;init&gt;" desc="()V" line="49"><counter type="INSTRUCTION" missed="0" covered="3"/><counter type="LINE" missed="0" covered="1"/><counter type="COMPLEXITY" missed="0" covered="1"/><counter type="METHOD" missed="0" covered="1"/></method><method name="&lt;init&gt;" desc="(Ljava/lang/String;Lcom/safetynet/apiSafetyNet/repository/FireStationCRUD;Lcom/safetynet/apiSafetyNet/repository/PersonCRUD;Lcom/safetynet/apiSafetyNet/repository/MedicalRecordCRUD;Lcom/safetynet/apiSafetyNet/service/management/FireStationManagement;Lcom/safetynet/apiSafetyNet/service/management/PersonManagement;Lcom/safetynet/apiSafetyNet/service/management/InhabitantManagement;Lcom/safetynet/apiSafetyNet/service/management/HomeInfoManagement;)V" line="53"><counter type="INSTRUCTION" missed="0" covered="27"/><counter type="LINE" missed="0" covered="10"/><counter type="COMPLEXITY" missed="0" covered="1"/><counter type="METHOD" missed="0" covered="1"/></method><method name="addFireStation" desc="(Lcom/safetynet/apiSafetyNet/model/InputData/FireStation;)Lcom/safetynet/apiSafetyNet/model/InputData/FireStation;" line="75"><counter type="INSTRUCTION" missed="0" covered="5"/><counter type="LINE" missed="0" covered="1"/><counter type="COMPLEXITY" missed="0" covered="1"/><counter type="METHOD" missed="0" covered="1"/></method><method name="modifyInfoFireStation" desc="(Lcom/safetynet/apiSafetyNet/model/InputData/FireStation;)Lcom/safetynet/apiSafetyNet/model/InputData/FireStation;" line="89"><counter type="INSTRUCTION" missed="0" covered="5"/><counter type="LINE" missed="0" covered="1"/><counter type="COMPLEXITY" missed="0" covered="1"/><counter type="METHOD" missed="0" covered="1"/></method><method name="deleteFireStation" desc="(Lcom/safetynet/apiSafetyNet/model/InputData/FireStation;)Lcom/safetynet/apiSafetyNet/model/InputData/FireStation;" line="103"><counter type="INSTRUCTION" missed="0" covered="5"/><counter type="LINE" missed="0" covered="1"/><counter type="COMPLEXITY" missed="0" covered="1"/><counter type="METHOD" missed="0" covered="1"/></method><method name="getInfoPersonFromFireStationNumber" desc="(Ljava/lang/String;)Lcom/safetynet/apiSafetyNet/model/OutputData/InhabitantInfo;" line="120"><counter type="INSTRUCTION" missed="3" covered="57"/><counter type="LINE" missed="2" covered="11"/><counter type="COMPLEXITY" missed="0" covered="1"/><counter type="METHOD" missed="0" covered="1"/></method><method name="getInfoFromEachPersonFromAddressAndAppointedFireStationNumber" desc="(Ljava/lang/String;)Lcom/safetynet/apiSafetyNet/model/OutputData/AddressInfo;" line="157"><counter type="INSTRUCTION" missed="17" covered="51"/><counter type="BRANCH" missed="3" covered="1"/><counter type="LINE" missed="5" covered="11"/><counter type="COMPLEXITY" missed="2" covered="1"/><counter type="METHOD" missed="0" covered="1"/></method><method name="getHomeInfoListsFromFireStationNumbers" desc="(Ljava/util/ArrayList;)Ljava/util/ArrayList;" line="199"><counter type="INSTRUCTION" missed="5" covered="54"/><counter type="BRANCH" missed="1" covered="1"/><counter type="LINE" missed="3" covered="11"/><counter type="COMPLEXITY" missed="1" covered="1"/><counter type="METHOD" missed="0" covered="1"/></method><method name="isListOfAddressNotEmpty" desc="(Ljava/util/ArrayList;)Z" line="226"><counter type="INSTRUCTION" missed="2" covered="18"/><counter type="BRANCH" missed="1" covered="3"/><counter type="LINE" missed="1" covered="4"/><counter type="COMPLEXITY" missed="1" covered="2"/><counter type="METHOD" missed="0" covered="1"/></method><counter type="INSTRUCTION" missed="27" covered="225"/><counter type="BRANCH" missed="5" covered="5"/><counter type="LINE" missed="11" covered="51"/><counter type="COMPLEXITY" missed="4" covered="10"/><counter type="METHOD" missed="0" covered="9"/><counter type="CLASS" missed="0" covered="1"/></class><sourcefile name="PersonService.java"><line nr="50" mi="0" ci="2" mb="0" cb="0"/><line nr="51" mi="0" ci="1" mb="0" cb="0"/><line nr="55" mi="0" ci="2" mb="0" cb="0"/><line nr="56" mi="0" ci="3" mb="0" cb="0"/><line nr="57" mi="0" ci="3" mb="0" cb="0"/><line nr="58" mi="0" ci="3" mb="0" cb="0"/><line nr="59" mi="0" ci="3" mb="0" cb="0"/><line nr="60" mi="0" ci="3" mb="0" cb="0"/><line nr="61" mi="0" ci="3" mb="0" cb="0"/><line nr="62" mi="0" ci="3" mb="0" cb="0"/><line nr="63" mi="0" ci="3" mb="0" cb="0"/><line nr="64" mi="0" ci="1" mb="0" cb="0"/><line nr="79" mi="0" ci="5" mb="0" cb="0"/><line nr="95" mi="0" ci="5" mb="0" cb="0"/><line nr="111" mi="0" ci="5" mb="0" cb="0"/><line nr="127" mi="0" ci="4" mb="0" cb="0"/><line nr="128" mi="0" ci="4" mb="0" cb="0"/><line nr="130" mi="0" ci="9" mb="0" cb="0"/><line nr="133" mi="0" ci="5" mb="0" cb="0"/><line nr="137" mi="0" ci="6" mb="0" cb="0"/><line nr="138" mi="1" ci="0" mb="0" cb="0"/><line nr="139" mi="2" ci="0" mb="0" cb="0"/><line nr="140" mi="0" ci="1" mb="0" cb="0"/><line nr="141" mi="0" ci="2" mb="0" cb="0"/><line nr="159" mi="0" ci="4" mb="0" cb="0"/><line nr="160" mi="0" ci="4" mb="0" cb="0"/><line nr="162" mi="0" ci="9" mb="0" cb="0"/><line nr="165" mi="0" ci="5" mb="0" cb="0"/><line nr="166" mi="0" ci="5" mb="0" cb="0"/><line nr="169" mi="0" ci="7" mb="0" cb="0"/><line nr="171" mi="0" ci="3" mb="1" cb="1"/><line nr="173" mi="0" ci="7" mb="0" cb="0"/><line nr="176" mi="0" ci="6" mb="0" cb="0"/><line nr="177" mi="0" ci="1" mb="0" cb="0"/><line nr="179" mi="2" ci="0" mb="0" cb="0"/><line nr="181" mi="1" ci="0" mb="0" cb="0"/><line nr="182" mi="2" ci="0" mb="0" cb="0"/><line nr="183" mi="1" ci="0" mb="0" cb="0"/><line nr="184" mi="2" ci="0" mb="0" cb="0"/><line nr="185" mi="1" ci="0" mb="0" cb="0"/><line nr="186" mi="2" ci="0" mb="0" cb="0"/><line nr="187" mi="2" ci="1" mb="0" cb="0"/><line nr="188" mi="0" ci="2" mb="0" cb="0"/><line nr="205" mi="0" ci="2" mb="0" cb="0"/><line nr="206" mi="0" ci="4" mb="0" cb="0"/><line nr="207" mi="0" ci="4" mb="0" cb="0"/><line nr="208" mi="0" ci="7" mb="0" cb="0"/><line nr="209" mi="0" ci="4" mb="0" cb="0"/><line nr="211" mi="0" ci="9" mb="0" cb="0"/><line nr="214" mi="0" ci="5" mb="0" cb="0"/><line nr="217" mi="0" ci="5" mb="0" cb="0"/><line nr="220" mi="0" ci="6" mb="0" cb="0"/><line nr="223" mi="0" ci="6" mb="0" cb="0"/><line nr="226" mi="0" ci="6" mb="0" cb="0"/><line nr="228" mi="1" ci="0" mb="0" cb="0"/><line nr="229" mi="2" ci="0" mb="0" cb="0"/><line nr="230" mi="1" ci="0" mb="0" cb="0"/><line nr="231" mi="2" ci="0" mb="0" cb="0"/><line nr="232" mi="1" ci="0" mb="0" cb="0"/><line nr="233" mi="2" ci="0" mb="0" cb="0"/><line nr="234" mi="2" ci="1" mb="0" cb="0"/><line nr="235" mi="0" ci="3" mb="1" cb="1"/><line nr="236" mi="0" ci="2" mb="0" cb="0"/><line nr="239" mi="2" ci="0" mb="0" cb="0"/><line nr="258" mi="0" ci="2" mb="0" cb="0"/><line nr="259" mi="0" ci="4" mb="0" cb="0"/><line nr="261" mi="0" ci="9" mb="0" cb="0"/><line nr="264" mi="0" ci="5" mb="0" cb="0"/><line nr="267" mi="0" ci="5" mb="0" cb="0"/><line nr="270" mi="0" ci="6" mb="0" cb="0"/><line nr="273" mi="0" ci="6" mb="0" cb="0"/><line nr="274" mi="1" ci="0" mb="0" cb="0"/><line nr="275" mi="2" ci="0" mb="0" cb="0"/><line nr="276" mi="0" ci="1" mb="0" cb="0"/><line nr="277" mi="0" ci="2" mb="0" cb="0"/><counter type="INSTRUCTION" missed="32" covered="234"/><counter type="BRANCH" missed="2" covered="2"/><counter type="LINE" missed="18" covered="57"/><counter type="COMPLEXITY" missed="2" covered="9"/><counter type="METHOD" missed="0" covered="9"/><counter type="CLASS" missed="0" covered="1"/></sourcefile><sourcefile name="FireStationService.java"><line nr="49" mi="0" ci="3" mb="0" cb="0"/><line nr="53" mi="0" ci="2" mb="0" cb="0"/><line nr="54" mi="0" ci="3" mb="0" cb="0"/><line nr="55" mi="0" ci="3" mb="0" cb="0"/><line nr="56" mi="0" ci="3" mb="0" cb="0"/><line nr="57" mi="0" ci="3" mb="0" cb="0"/><line nr="58" mi="0" ci="3" mb="0" cb="0"/><line nr="59" mi="0" ci="3" mb="0" cb="0"/><line nr="60" mi="0" ci="3" mb="0" cb="0"/><line nr="61" mi="0" ci="3" mb="0" cb="0"/><line nr="62" mi="0" ci="1" mb="0" cb="0"/><line nr="75" mi="0" ci="5" mb="0" cb="0"/><line nr="89" mi="0" ci="5" mb="0" cb="0"/><line nr="103" mi="0" ci="5" mb="0" cb="0"/><line nr="120" mi="0" ci="4" mb="0" cb="0"/><line nr="121" mi="0" ci="9" mb="0" cb="0"/><line nr="123" mi="0" ci="9" mb="0" cb="0"/><line nr="124" mi="0" ci="5" mb="0" cb="0"/><line nr="125" mi="0" ci="5" mb="0" cb="0"/><line nr="126" mi="0" ci="5" mb="0" cb="0"/><line nr="129" mi="0" ci="6" mb="0" cb="0"/><line nr="132" mi="0" ci="6" mb="0" cb="0"/><line nr="135" mi="0" ci="5" mb="0" cb="0"/><line nr="137" mi="1" ci="0" mb="0" cb="0"/><line nr="138" mi="2" ci="0" mb="0" cb="0"/><line nr="139" mi="0" ci="1" mb="0" cb="0"/><line nr="140" mi="0" ci="2" mb="0" cb="0"/><line nr="157" mi="0" ci="8" mb="0" cb="0"/><line nr="158" mi="0" ci="4" mb="0" cb="0"/><line nr="160" mi="0" ci="9" mb="0" cb="0"/><line nr="163" mi="0" ci="5" mb="0" cb="0"/><line nr="164" mi="0" ci="5" mb="0" cb="0"/><line nr="165" mi="0" ci="5" mb="0" cb="0"/><line nr="168" mi="0" ci="6" mb="0" cb="0"/><line nr="169" mi="0" ci="4" mb="1" cb="1"/><line nr="171" mi="7" ci="0" mb="0" cb="0"/><line nr="172" mi="4" ci="0" mb="2" cb="0"/><line nr="173" mi="3" ci="0" mb="0" cb="0"/><line nr="177" mi="0" ci="2" mb="0" cb="0"/><line nr="179" mi="1" ci="0" mb="0" cb="0"/><line nr="180" mi="2" ci="0" mb="0" cb="0"/><line nr="181" mi="0" ci="1" mb="0" cb="0"/><line nr="182" mi="0" ci="2" mb="0" cb="0"/><line nr="199" mi="0" ci="4" mb="0" cb="0"/><line nr="200" mi="0" ci="4" mb="0" cb="0"/><line nr="202" mi="0" ci="9" mb="0" cb="0"/><line nr="205" mi="0" ci="5" mb="0" cb="0"/><line nr="206" mi="0" ci="5" mb="0" cb="0"/><line nr="207" mi="0" ci="5" mb="0" cb="0"/><line nr="210" mi="0" ci="6" mb="0" cb="0"/><line nr="213" mi="0" ci="4" mb="1" cb="1"/><line nr="214" mi="0" ci="9" mb="0" cb="0"/><line nr="217" mi="2" ci="0" mb="0" cb="0"/><line nr="219" mi="1" ci="0" mb="0" cb="0"/><line nr="220" mi="2" ci="0" mb="0" cb="0"/><line nr="221" mi="0" ci="1" mb="0" cb="0"/><line nr="222" mi="0" ci="2" mb="0" cb="0"/><line nr="226" mi="0" ci="2" mb="0" cb="0"/><line nr="227" mi="0" ci="8" mb="0" cb="2"/><line nr="228" mi="0" ci="6" mb="1" cb="1"/><line nr="229" mi="2" ci="0" mb="0" cb="0"/><line nr="232" mi="0" ci="2" mb="0" cb="0"/><counter type="INSTRUCTION" missed="27" covered="225"/><counter type="BRANCH" missed="5" covered="5"/><counter type="LINE" missed="11" covered="51"/><counter type="COMPLEXITY" missed="4" covered="10"/><counter type="METHOD" missed="0" covered="9"/><counter type="CLASS" missed="0" covered="1"/></sourcefile><sourcefile name="MedicalRecordService.java"><line nr="13" mi="0" ci="2" mb="0" cb="0"/><line nr="14" mi="0" ci="1" mb="0" cb="0"/><line nr="19" mi="0" ci="2" mb="0" cb="0"/><line nr="20" mi="0" ci="3" mb="0" cb="0"/><line nr="21" mi="0" ci="1" mb="0" cb="0"/><line nr="36" mi="0" ci="5" mb="0" cb="0"/><line nr="52" mi="0" ci="5" mb="0" cb="0"/><line nr="68" mi="0" ci="5" mb="0" cb="0"/><counter type="INSTRUCTION" missed="0" covered="24"/><counter type="LINE" missed="0" covered="8"/><counter type="COMPLEXITY" missed="0" covered="5"/><counter type="METHOD" missed="0" covered="5"/><counter type="CLASS" missed="0" covered="1"/></sourcefile><counter type="INSTRUCTION" missed="59" covered="483"/><counter type="BRANCH" missed="7" covered="7"/><counter type="LINE" missed="29" covered="116"/><counter type="COMPLEXITY" missed="6" covered="24"/><counter type="METHOD" missed="0" covered="23"/><counter type="CLASS" missed="0" covered="3"/></package><package name="com/safetynet/apiSafetyNet/repository"><class name="com/safetynet/apiSafetyNet/repository/MedicalRecordCRUD" sourcefilename="MedicalRecordCRUD.java"><method name="&lt;init&gt;" desc="()V" line="29"><counter type="INSTRUCTION" missed="0" covered="3"/><counter type="LINE" missed="0" covered="2"/><counter type="COMPLEXITY" missed="0" covered="1"/><counter type="METHOD" missed="0" covered="1"/></method><method name="&lt;init&gt;" desc="(Ljava/lang/String;)V" line="32"><counter type="INSTRUCTION" missed="6" covered="0"/><counter type="LINE" missed="3" covered="0"/><counter type="COMPLEXITY" missed="1" covered="0"/><counter type="METHOD" missed="1" covered="0"/></method><method name="addMedicalRecord" desc="(Lcom/safetynet/apiSafetyNet/model/InputData/MedicalRecord;)Lcom/safetynet/apiSafetyNet/model/InputData/MedicalRecord;" line="51"><counter type="INSTRUCTION" missed="3" covered="37"/><counter type="LINE" missed="2" covered="9"/><counter type="COMPLEXITY" missed="0" covered="1"/><counter type="METHOD" missed="0" covered="1"/></method><method name="modifyInfoMedicalRecord" desc="(Lcom/safetynet/apiSafetyNet/model/InputData/MedicalRecord;)Lcom/safetynet/apiSafetyNet/model/InputData/MedicalRecord;" line="86"><counter type="INSTRUCTION" missed="13" covered="78"/><counter type="BRANCH" missed="4" covered="4"/><counter type="LINE" missed="6" covered="18"/><counter type="COMPLEXITY" missed="4" covered="1"/><counter type="METHOD" missed="0" covered="1"/></method><method name="deleteMedicalRecord" desc="(Lcom/safetynet/apiSafetyNet/model/InputData/MedicalRecord;)Lcom/safetynet/apiSafetyNet/model/InputData/MedicalRecord;" line="133"><counter type="INSTRUCTION" missed="13" covered="77"/><counter type="BRANCH" missed="4" covered="4"/><counter type="LINE" missed="6" covered="17"/><counter type="COMPLEXITY" missed="4" covered="1"/><counter type="METHOD" missed="0" covered="1"/></method><method name="getAllMedicalRecords" desc="(Lorg/json/simple/JSONObject;)Ljava/util/ArrayList;" line="178"><counter type="INSTRUCTION" missed="0" covered="74"/><counter type="BRANCH" missed="0" covered="2"/><counter type="LINE" missed="0" covered="11"/><counter type="COMPLEXITY" missed="0" covered="2"/><counter type="METHOD" missed="0" covered="1"/></method><method name="getJsonObject" desc="(Lcom/safetynet/apiSafetyNet/model/InputData/MedicalRecord;)Lorg/json/simple/JSONObject;" line="194"><counter type="INSTRUCTION" missed="0" covered="46"/><counter type="LINE" missed="0" covered="7"/><counter type="COMPLEXITY" missed="0" covered="1"/><counter type="METHOD" missed="0" covered="1"/></method><method name="writeInFile" desc="(Lorg/json/simple/JSONObject;)V" line="204"><counter type="INSTRUCTION" missed="0" covered="18"/><counter type="LINE" missed="0" covered="5"/><counter type="COMPLEXITY" missed="0" covered="1"/><counter type="METHOD" missed="0" covered="1"/></method><counter type="INSTRUCTION" missed="35" covered="333"/><counter type="BRANCH" missed="8" covered="10"/><counter type="LINE" missed="17" covered="69"/><counter type="COMPLEXITY" missed="9" covered="8"/><counter type="METHOD" missed="1" covered="7"/><counter type="CLASS" missed="0" covered="1"/></class><class name="com/safetynet/apiSafetyNet/repository/PersonCRUD" sourcefilename="PersonCRUD.java"><method name="&lt;init&gt;" desc="()V" line="29"><counter type="INSTRUCTION" missed="0" covered="3"/><counter type="LINE" missed="0" covered="2"/><counter type="COMPLEXITY" missed="0" covered="1"/><counter type="METHOD" missed="0" covered="1"/></method><method name="&lt;init&gt;" desc="(Ljava/lang/String;)V" line="32"><counter type="INSTRUCTION" missed="6" covered="0"/><counter type="LINE" missed="3" covered="0"/><counter type="COMPLEXITY" missed="1" covered="0"/><counter type="METHOD" missed="1" covered="0"/></method><method name="addPerson" desc="(Lcom/safetynet/apiSafetyNet/model/InputData/Person;)Lcom/safetynet/apiSafetyNet/model/InputData/Person;" line="51"><counter type="INSTRUCTION" missed="3" covered="79"/><counter type="LINE" missed="2" covered="16"/><counter type="COMPLEXITY" missed="0" covered="1"/><counter type="METHOD" missed="0" covered="1"/></method><method name="modifyInfoPerson" desc="(Lcom/safetynet/apiSafetyNet/model/InputData/Person;)Lcom/safetynet/apiSafetyNet/model/InputData/Person;" line="91"><counter type="INSTRUCTION" missed="13" covered="78"/><counter type="BRANCH" missed="4" covered="4"/><counter type="LINE" missed="6" covered="18"/><counter type="COMPLEXITY" missed="4" covered="1"/><counter type="METHOD" missed="0" covered="1"/></method><method name="deletePerson" desc="(Lcom/safetynet/apiSafetyNet/model/InputData/Person;)Lcom/safetynet/apiSafetyNet/model/InputData/Person;" line="139"><counter type="INSTRUCTION" missed="13" covered="77"/><counter type="BRANCH" missed="4" covered="4"/><counter type="LINE" missed="6" covered="17"/><counter type="COMPLEXITY" missed="4" covered="1"/><counter type="METHOD" missed="0" covered="1"/></method><method name="getPersonsFromJSONFile" desc="(Lorg/json/simple/JSONObject;)Ljava/util/ArrayList;" line="184"><counter type="INSTRUCTION" missed="0" covered="29"/><counter type="BRANCH" missed="0" covered="2"/><counter type="LINE" missed="0" covered="6"/><counter type="COMPLEXITY" missed="0" covered="2"/><counter type="METHOD" missed="0" covered="1"/></method><method name="writeInFile" desc="(Lorg/json/simple/JSONObject;)V" line="193"><counter type="INSTRUCTION" missed="0" covered="18"/><counter type="LINE" missed="0" covered="5"/><counter type="COMPLEXITY" missed="0" covered="1"/><counter type="METHOD" missed="0" covered="1"/></method><counter type="INSTRUCTION" missed="35" covered="284"/><counter type="BRANCH" missed="8" covered="10"/><counter type="LINE" missed="17" covered="64"/><counter type="COMPLEXITY" missed="9" covered="7"/><counter type="METHOD" missed="1" covered="6"/><counter type="CLASS" missed="0" covered="1"/></class><class name="com/safetynet/apiSafetyNet/repository/FireStationCRUD" sourcefilename="FireStationCRUD.java"><method name="addFireStation" desc="(Lcom/safetynet/apiSafetyNet/model/InputData/FireStation;)Lcom/safetynet/apiSafetyNet/model/InputData/FireStation;" line="46"><counter type="INSTRUCTION" missed="3" covered="49"/><counter type="LINE" missed="2" covered="11"/><counter type="COMPLEXITY" missed="0" covered="1"/><counter type="METHOD" missed="0" covered="1"/></method><method name="modifyInfoFireStation" desc="(Lcom/safetynet/apiSafetyNet/model/InputData/FireStation;)Lcom/safetynet/apiSafetyNet/model/InputData/FireStation;" line="80"><counter type="INSTRUCTION" missed="13" covered="69"/><counter type="BRANCH" missed="3" covered="3"/><counter type="LINE" missed="6" covered="18"/><counter type="COMPLEXITY" missed="3" covered="1"/><counter type="METHOD" missed="0" covered="1"/></method><method name="deleteFireStation" desc="(Lcom/safetynet/apiSafetyNet/model/InputData/FireStation;)Lcom/safetynet/apiSafetyNet/model/InputData/FireStation;" line="127"><counter type="INSTRUCTION" missed="13" covered="68"/><counter type="BRANCH" missed="3" covered="3"/><counter type="LINE" missed="6" covered="17"/><counter type="COMPLEXITY" missed="3" covered="1"/><counter type="METHOD" missed="0" covered="1"/></method><method name="getFireStationsFromJSONFile" desc="(Lorg/json/simple/JSONObject;)Ljava/util/ArrayList;" line="172"><counter type="INSTRUCTION" missed="0" covered="29"/><counter type="BRANCH" missed="0" covered="2"/><counter type="LINE" missed="0" covered="6"/><counter type="COMPLEXITY" missed="0" covered="2"/><counter type="METHOD" missed="0" covered="1"/></method><method name="writeInFile" desc="(Lorg/json/simple/JSONObject;)V" line="181"><counter type="INSTRUCTION" missed="0" covered="18"/><counter type="LINE" missed="0" covered="5"/><counter type="COMPLEXITY" missed="0" covered="1"/><counter type="METHOD" missed="0" covered="1"/></method><counter type="INSTRUCTION" missed="29" covered="233"/><counter type="BRANCH" missed="6" covered="8"/><counter type="LINE" missed="14" covered="57"/><counter type="COMPLEXITY" missed="6" covered="6"/><counter type="METHOD" missed="0" covered="5"/><counter type="CLASS" missed="0" covered="1"/></class><sourcefile name="FireStationCRUD.java"><line nr="46" mi="0" ci="4" mb="0" cb="0"/><line nr="47" mi="0" ci="6" mb="0" cb="0"/><line nr="48" mi="0" ci="6" mb="0" cb="0"/><line nr="50" mi="0" ci="4" mb="0" cb="0"/><line nr="52" mi="0" ci="9" mb="0" cb="0"/><line nr="55" mi="0" ci="5" mb="0" cb="0"/><line nr="57" mi="0" ci="4" mb="0" cb="0"/><line nr="58" mi="0" ci="5" mb="0" cb="0"/><line nr="59" mi="0" ci="3" mb="0" cb="0"/><line nr="60" mi="1" ci="0" mb="0" cb="0"/><line nr="61" mi="2" ci="0" mb="0" cb="0"/><line nr="62" mi="0" ci="1" mb="0" cb="0"/><line nr="63" mi="0" ci="2" mb="0" cb="0"/><line nr="80" mi="0" ci="4" mb="0" cb="0"/><line nr="81" mi="0" ci="2" mb="0" cb="0"/><line nr="83" mi="0" ci="9" mb="0" cb="0"/><line nr="86" mi="0" ci="4" mb="0" cb="0"/><line nr="88" mi="0" ci="2" mb="0" cb="0"/><line nr="89" mi="2" ci="6" mb="1" cb="1"/><line nr="90" mi="0" ci="9" mb="1" cb="1"/><line nr="91" mi="0" ci="2" mb="0" cb="0"/><line nr="92" mi="0" ci="4" mb="0" cb="0"/><line nr="93" mi="0" ci="4" mb="0" cb="0"/><line nr="94" mi="0" ci="1" mb="0" cb="0"/><line nr="97" mi="0" ci="2" mb="1" cb="1"/><line nr="98" mi="0" ci="7" mb="0" cb="0"/><line nr="99" mi="0" ci="5" mb="0" cb="0"/><line nr="100" mi="0" ci="3" mb="0" cb="0"/><line nr="101" mi="0" ci="2" mb="0" cb="0"/><line nr="103" mi="1" ci="0" mb="0" cb="0"/><line nr="104" mi="2" ci="0" mb="0" cb="0"/><line nr="105" mi="1" ci="0" mb="0" cb="0"/><line nr="106" mi="2" ci="0" mb="0" cb="0"/><line nr="107" mi="1" ci="0" mb="0" cb="0"/><line nr="108" mi="2" ci="0" mb="0" cb="0"/><line nr="109" mi="2" ci="1" mb="0" cb="0"/><line nr="110" mi="0" ci="2" mb="0" cb="0"/><line nr="127" mi="0" ci="2" mb="0" cb="0"/><line nr="128" mi="0" ci="4" mb="0" cb="0"/><line nr="130" mi="0" ci="9" mb="0" cb="0"/><line nr="133" mi="0" ci="4" mb="0" cb="0"/><line nr="135" mi="0" ci="2" mb="0" cb="0"/><line nr="136" mi="2" ci="6" mb="1" cb="1"/><line nr="137" mi="0" ci="9" mb="1" cb="1"/><line nr="138" mi="0" ci="2" mb="0" cb="0"/><line nr="139" mi="0" ci="5" mb="0" cb="0"/><line nr="140" mi="0" ci="4" mb="0" cb="0"/><line nr="141" mi="0" ci="1" mb="0" cb="0"/><line nr="144" mi="0" ci="2" mb="1" cb="1"/><line nr="145" mi="0" ci="7" mb="0" cb="0"/><line nr="146" mi="0" ci="5" mb="0" cb="0"/><line nr="147" mi="0" ci="3" mb="0" cb="0"/><line nr="149" mi="1" ci="0" mb="0" cb="0"/><line nr="150" mi="2" ci="0" mb="0" cb="0"/><line nr="151" mi="1" ci="0" mb="0" cb="0"/><line nr="152" mi="2" ci="0" mb="0" cb="0"/><line nr="153" mi="1" ci="0" mb="0" cb="0"/><line nr="154" mi="2" ci="0" mb="0" cb="0"/><line nr="155" mi="2" ci="1" mb="0" cb="0"/><line nr="156" mi="0" ci="2" mb="0" cb="0"/><line nr="172" mi="0" ci="4" mb="0" cb="0"/><line nr="173" mi="0" ci="5" mb="0" cb="0"/><line nr="174" mi="0" ci="9" mb="0" cb="2"/><line nr="175" mi="0" ci="8" mb="0" cb="0"/><line nr="176" mi="0" ci="1" mb="0" cb="0"/><line nr="177" mi="0" ci="2" mb="0" cb="0"/><line nr="181" mi="0" ci="3" mb="0" cb="0"/><line nr="182" mi="0" ci="6" mb="0" cb="0"/><line nr="183" mi="0" ci="6" mb="0" cb="0"/><line nr="184" mi="0" ci="2" mb="0" cb="0"/><line nr="185" mi="0" ci="1" mb="0" cb="0"/><counter type="INSTRUCTION" missed="29" covered="233"/><counter type="BRANCH" missed="6" covered="8"/><counter type="LINE" missed="14" covered="57"/><counter type="COMPLEXITY" missed="6" covered="6"/><counter type="METHOD" missed="0" covered="5"/><counter type="CLASS" missed="0" covered="1"/></sourcefile><sourcefile name="MedicalRecordCRUD.java"><line nr="29" mi="0" ci="2" mb="0" cb="0"/><line nr="30" mi="0" ci="1" mb="0" cb="0"/><line nr="32" mi="2" ci="0" mb="0" cb="0"/><line nr="33" mi="3" ci="0" mb="0" cb="0"/><line nr="34" mi="1" ci="0" mb="0" cb="0"/><line nr="51" mi="0" ci="4" mb="0" cb="0"/><line nr="53" mi="0" ci="4" mb="0" cb="0"/><line nr="55" mi="0" ci="9" mb="0" cb="0"/><line nr="58" mi="0" ci="5" mb="0" cb="0"/><line nr="61" mi="0" ci="4" mb="0" cb="0"/><line nr="62" mi="0" ci="5" mb="0" cb="0"/><line nr="65" mi="0" ci="3" mb="0" cb="0"/><line nr="66" mi="1" ci="0" mb="0" cb="0"/><line nr="67" mi="2" ci="0" mb="0" cb="0"/><line nr="68" mi="0" ci="1" mb="0" cb="0"/><line nr="69" mi="0" ci="2" mb="0" cb="0"/><line nr="86" mi="0" ci="4" mb="0" cb="0"/><line nr="87" mi="0" ci="2" mb="0" cb="0"/><line nr="89" mi="0" ci="9" mb="0" cb="0"/><line nr="92" mi="0" ci="4" mb="0" cb="0"/><line nr="94" mi="0" ci="2" mb="0" cb="0"/><line nr="95" mi="2" ci="6" mb="1" cb="1"/><line nr="96" mi="0" ci="18" mb="2" cb="2"/><line nr="97" mi="0" ci="2" mb="0" cb="0"/><line nr="98" mi="0" ci="4" mb="0" cb="0"/><line nr="99" mi="0" ci="4" mb="0" cb="0"/><line nr="100" mi="0" ci="1" mb="0" cb="0"/><line nr="103" mi="0" ci="2" mb="1" cb="1"/><line nr="104" mi="0" ci="7" mb="0" cb="0"/><line nr="105" mi="0" ci="5" mb="0" cb="0"/><line nr="106" mi="0" ci="3" mb="0" cb="0"/><line nr="107" mi="0" ci="2" mb="0" cb="0"/><line nr="109" mi="1" ci="0" mb="0" cb="0"/><line nr="110" mi="2" ci="0" mb="0" cb="0"/><line nr="111" mi="1" ci="0" mb="0" cb="0"/><line nr="112" mi="2" ci="0" mb="0" cb="0"/><line nr="113" mi="1" ci="0" mb="0" cb="0"/><line nr="114" mi="2" ci="0" mb="0" cb="0"/><line nr="115" mi="2" ci="1" mb="0" cb="0"/><line nr="116" mi="0" ci="2" mb="0" cb="0"/><line nr="133" mi="0" ci="2" mb="0" cb="0"/><line nr="134" mi="0" ci="4" mb="0" cb="0"/><line nr="136" mi="0" ci="9" mb="0" cb="0"/><line nr="139" mi="0" ci="4" mb="0" cb="0"/><line nr="141" mi="0" ci="2" mb="0" cb="0"/><line nr="142" mi="2" ci="6" mb="1" cb="1"/><line nr="143" mi="0" ci="18" mb="2" cb="2"/><line nr="144" mi="0" ci="2" mb="0" cb="0"/><line nr="145" mi="0" ci="5" mb="0" cb="0"/><line nr="146" mi="0" ci="4" mb="0" cb="0"/><line nr="147" mi="0" ci="1" mb="0" cb="0"/><line nr="150" mi="0" ci="2" mb="1" cb="1"/><line nr="151" mi="0" ci="7" mb="0" cb="0"/><line nr="152" mi="0" ci="5" mb="0" cb="0"/><line nr="153" mi="0" ci="3" mb="0" cb="0"/><line nr="155" mi="1" ci="0" mb="0" cb="0"/><line nr="156" mi="2" ci="0" mb="0" cb="0"/><line nr="157" mi="1" ci="0" mb="0" cb="0"/><line nr="158" mi="2" ci="0" mb="0" cb="0"/><line nr="159" mi="1" ci="0" mb="0" cb="0"/><line nr="160" mi="2" ci="0" mb="0" cb="0"/><line nr="161" mi="2" ci="1" mb="0" cb="0"/><line nr="162" mi="0" ci="2" mb="0" cb="0"/><line nr="178" mi="0" ci="4" mb="0" cb="0"/><line nr="179" mi="0" ci="5" mb="0" cb="0"/><line nr="180" mi="0" ci="8" mb="0" cb="2"/><line nr="181" mi="0" ci="5" mb="0" cb="0"/><line nr="183" mi="0" ci="5" mb="0" cb="0"/><line nr="184" mi="0" ci="15" mb="0" cb="0"/><line nr="185" mi="0" ci="12" mb="0" cb="0"/><line nr="186" mi="0" ci="11" mb="0" cb="0"/><line nr="187" mi="0" ci="3" mb="0" cb="0"/><line nr="188" mi="0" ci="4" mb="0" cb="0"/><line nr="190" mi="0" ci="2" mb="0" cb="0"/><line nr="194" mi="0" ci="4" mb="0" cb="0"/><line nr="195" mi="0" ci="6" mb="0" cb="0"/><line nr="196" mi="0" ci="6" mb="0" cb="0"/><line nr="197" mi="0" ci="6" mb="0" cb="0"/><line nr="198" mi="0" ci="11" mb="0" cb="0"/><line nr="199" mi="0" ci="11" mb="0" cb="0"/><line nr="200" mi="0" ci="2" mb="0" cb="0"/><line nr="204" mi="0" ci="3" mb="0" cb="0"/><line nr="205" mi="0" ci="6" mb="0" cb="0"/><line nr="206" mi="0" ci="6" mb="0" cb="0"/><line nr="207" mi="0" ci="2" mb="0" cb="0"/><line nr="208" mi="0" ci="1" mb="0" cb="0"/><counter type="INSTRUCTION" missed="35" covered="333"/><counter type="BRANCH" missed="8" covered="10"/><counter type="LINE" missed="17" covered="69"/><counter type="COMPLEXITY" missed="9" covered="8"/><counter type="METHOD" missed="1" covered="7"/><counter type="CLASS" missed="0" covered="1"/></sourcefile><sourcefile name="PersonCRUD.java"><line nr="29" mi="0" ci="2" mb="0" cb="0"/><line nr="30" mi="0" ci="1" mb="0" cb="0"/><line nr="32" mi="2" ci="0" mb="0" cb="0"/><line nr="33" mi="3" ci="0" mb="0" cb="0"/><line nr="34" mi="1" ci="0" mb="0" cb="0"/><line nr="51" mi="0" ci="4" mb="0" cb="0"/><line nr="52" mi="0" ci="6" mb="0" cb="0"/><line nr="53" mi="0" ci="6" mb="0" cb="0"/><line nr="54" mi="0" ci="6" mb="0" cb="0"/><line nr="55" mi="0" ci="6" mb="0" cb="0"/><line nr="56" mi="0" ci="6" mb="0" cb="0"/><line nr="57" mi="0" ci="6" mb="0" cb="0"/><line nr="58" mi="0" ci="6" mb="0" cb="0"/><line nr="60" mi="0" ci="4" mb="0" cb="0"/><line nr="62" mi="0" ci="9" mb="0" cb="0"/><line nr="65" mi="0" ci="5" mb="0" cb="0"/><line nr="68" mi="0" ci="4" mb="0" cb="0"/><line nr="69" mi="0" ci="5" mb="0" cb="0"/><line nr="70" mi="0" ci="3" mb="0" cb="0"/><line nr="71" mi="1" ci="0" mb="0" cb="0"/><line nr="72" mi="2" ci="0" mb="0" cb="0"/><line nr="73" mi="0" ci="1" mb="0" cb="0"/><line nr="74" mi="0" ci="2" mb="0" cb="0"/><line nr="91" mi="0" ci="4" mb="0" cb="0"/><line nr="92" mi="0" ci="2" mb="0" cb="0"/><line nr="94" mi="0" ci="9" mb="0" cb="0"/><line nr="97" mi="0" ci="4" mb="0" cb="0"/><line nr="99" mi="0" ci="2" mb="0" cb="0"/><line nr="100" mi="2" ci="6" mb="1" cb="1"/><line nr="101" mi="0" ci="18" mb="2" cb="2"/><line nr="102" mi="0" ci="2" mb="0" cb="0"/><line nr="103" mi="0" ci="4" mb="0" cb="0"/><line nr="104" mi="0" ci="4" mb="0" cb="0"/><line nr="105" mi="0" ci="1" mb="0" cb="0"/><line nr="108" mi="0" ci="2" mb="1" cb="1"/><line nr="109" mi="0" ci="7" mb="0" cb="0"/><line nr="110" mi="0" ci="5" mb="0" cb="0"/><line nr="111" mi="0" ci="3" mb="0" cb="0"/><line nr="112" mi="0" ci="2" mb="0" cb="0"/><line nr="114" mi="1" ci="0" mb="0" cb="0"/><line nr="115" mi="2" ci="0" mb="0" cb="0"/><line nr="116" mi="1" ci="0" mb="0" cb="0"/><line nr="117" mi="2" ci="0" mb="0" cb="0"/><line nr="118" mi="1" ci="0" mb="0" cb="0"/><line nr="119" mi="2" ci="0" mb="0" cb="0"/><line nr="120" mi="2" ci="1" mb="0" cb="0"/><line nr="121" mi="0" ci="2" mb="0" cb="0"/><line nr="139" mi="0" ci="4" mb="0" cb="0"/><line nr="140" mi="0" ci="2" mb="0" cb="0"/><line nr="142" mi="0" ci="9" mb="0" cb="0"/><line nr="145" mi="0" ci="4" mb="0" cb="0"/><line nr="147" mi="0" ci="2" mb="0" cb="0"/><line nr="148" mi="2" ci="6" mb="1" cb="1"/><line nr="149" mi="0" ci="18" mb="2" cb="2"/><line nr="150" mi="0" ci="2" mb="0" cb="0"/><line nr="151" mi="0" ci="5" mb="0" cb="0"/><line nr="152" mi="0" ci="4" mb="0" cb="0"/><line nr="153" mi="0" ci="1" mb="0" cb="0"/><line nr="156" mi="0" ci="2" mb="1" cb="1"/><line nr="157" mi="0" ci="7" mb="0" cb="0"/><line nr="158" mi="0" ci="5" mb="0" cb="0"/><line nr="159" mi="0" ci="3" mb="0" cb="0"/><line nr="161" mi="1" ci="0" mb="0" cb="0"/><line nr="162" mi="2" ci="0" mb="0" cb="0"/><line nr="163" mi="1" ci="0" mb="0" cb="0"/><line nr="164" mi="2" ci="0" mb="0" cb="0"/><line nr="165" mi="1" ci="0" mb="0" cb="0"/><line nr="166" mi="2" ci="0" mb="0" cb="0"/><line nr="167" mi="2" ci="1" mb="0" cb="0"/><line nr="168" mi="0" ci="2" mb="0" cb="0"/><line nr="184" mi="0" ci="4" mb="0" cb="0"/><line nr="185" mi="0" ci="5" mb="0" cb="0"/><line nr="186" mi="0" ci="9" mb="0" cb="2"/><line nr="187" mi="0" ci="8" mb="0" cb="0"/><line nr="188" mi="0" ci="1" mb="0" cb="0"/><line nr="189" mi="0" ci="2" mb="0" cb="0"/><line nr="193" mi="0" ci="3" mb="0" cb="0"/><line nr="194" mi="0" ci="6" mb="0" cb="0"/><line nr="195" mi="0" ci="6" mb="0" cb="0"/><line nr="196" mi="0" ci="2" mb="0" cb="0"/><line nr="197" mi="0" ci="1" mb="0" cb="0"/><counter type="INSTRUCTION" missed="35" covered="284"/><counter type="BRANCH" missed="8" covered="10"/><counter type="LINE" missed="17" covered="64"/><counter type="COMPLEXITY" missed="9" covered="7"/><counter type="METHOD" missed="1" covered="6"/><counter type="CLASS" missed="0" covered="1"/></sourcefile><counter type="INSTRUCTION" missed="99" covered="850"/><counter type="BRANCH" missed="22" covered="28"/><counter type="LINE" missed="48" covered="190"/><counter type="COMPLEXITY" missed="24" covered="21"/><counter type="METHOD" missed="2" covered="18"/><counter type="CLASS" missed="0" covered="3"/></package><counter type="INSTRUCTION" missed="357" covered="2324"/><counter type="BRANCH" missed="54" covered="134"/><counter type="LINE" missed="121" covered="513"/><counter type="COMPLEXITY" missed="55" covered="132"/><counter type="METHOD" missed="2" covered="91"/><counter type="CLASS" missed="0" covered="17"/></report>