<?xml version="1.0" encoding="UTF-8"?>
<testsuite xmlns:xsi="http://www.w3.org/2001/XMLSchema-instance" xsi:noNamespaceSchemaLocation="https://maven.apache.org/surefire/maven-surefire-plugin/xsd/surefire-test-report.xsd" name="com.safetynet.apiSafetyNet.repository.MedicalRecordCRUDUnitTest" time="0.002" tests="4" errors="0" skipped="0" failures="0">
  <properties>
[...]
</properties>
  <testcase name="modifyInfoMedicalRecord_Test" classname="com.safetynet.apiSafetyNet.repository.MedicalRecordCRUDUnitTest" time="0"/>
  <testcase name="deleteMedicalRecord_Test" classname="com.safetynet.apiSafetyNet.repository.MedicalRecordCRUDUnitTest" time="0"/>
  <testcase name="addMedicalRecord_Test" classname="com.safetynet.apiSafetyNet.repository.MedicalRecordCRUDUnitTest" time="0"/>
  <testcase name="getAllMedicalRecords_Test" classname="com.safetynet.apiSafetyNet.repository.MedicalRecordCRUDUnitTest" time="0"/>
</testsuite>